21:33:42 - Debug logging to file: C:\Users\delir\PycharmProjects\moonstream\moonstreamprocess\poc\liq_engine_debug.log
21:33:42 - LiquidationStressEngine initialized with debug_symbol=BTC
21:34:00 - [BTC] Leverage ladder initialized:
21:34:00 -   Ladder: [5, 10, 20, 25, 50, 75, 100, 125, 150, 200, 250]
21:34:00 -   Weights (normalized): ['0.2340', '0.2340', '0.2106', '0.1638', '0.0819', '0.0328', '0.0187', '0.0117', '0.0070', '0.0035', '0.0019']
21:34:00 -       5x -> weight 0.2340
21:34:00 -      10x -> weight 0.2340
21:34:00 -      20x -> weight 0.2106
21:34:00 -      25x -> weight 0.1638
21:34:00 -      50x -> weight 0.0819
21:34:00 -      75x -> weight 0.0328
21:34:00 -     100x -> weight 0.0187
21:34:00 -     125x -> weight 0.0117
21:34:00 -     150x -> weight 0.0070
21:34:00 -     200x -> weight 0.0035
21:34:00 -     250x -> weight 0.0019
21:34:00 - ================================================================================
21:34:00 - [BTC] MINUTE 1 UPDATE
21:34:00 - ================================================================================
21:34:00 -   src (ohlc4) = $89,609.70
21:34:00 -   buyRatio = 1.0000, sellRatio = 1.0000
21:34:00 - 
21:34:00 -   Projections by leverage:
21:34:00 -   ----------------------------------------------------------------------
21:34:00 -     Lev |   Weight |    Long Zone |   Short Zone |    L Str |    S Str
21:34:00 -   ----------------------------------------------------------------------
21:34:00 -       5x |   0.2340 | $    71,340 | $   107,880 |   0.2340 |   0.2340
21:34:00 -      10x |   0.2340 | $    80,380 | $    98,820 |   0.2340 |   0.2340
21:34:00 -      20x |   0.2106 | $    84,920 | $    94,300 |   0.2106 |   0.2106
21:34:00 -      25x |   0.1638 | $    85,820 | $    93,400 |   0.1638 |   0.1638
21:34:00 -      50x |   0.0819 | $    87,640 | $    91,580 |   0.0819 |   0.0819
21:34:00 -      75x |   0.0328 | $    88,240 | $    90,980 |   0.0328 |   0.0328
21:34:00 -     100x |   0.0187 | $    88,540 | $    90,680 |   0.0187 |   0.0187
21:34:00 -     125x |   0.0117 | $    88,720 | $    90,500 |   0.0117 |   0.0117
21:34:00 -     150x |   0.0070 | $    88,840 | $    90,380 |   0.0070 |   0.0070
21:34:00 -     200x |   0.0035 | $    88,980 | $    90,240 |   0.0035 |   0.0035
21:34:00 -     250x |   0.0019 | $    89,080 | $    90,140 |   0.0019 |   0.0019
21:34:00 - 
21:34:00 -   Top 5 LONG liquidation zones (support):
21:34:00 -     $    71,340 (-20.39%) -> strength 0.2340
21:34:00 -     $    80,380 (-10.30%) -> strength 0.2340
21:34:00 -     $    84,920 ( -5.23%) -> strength 0.2106
21:34:00 -     $    85,820 ( -4.23%) -> strength 0.1638
21:34:00 -     $    87,640 ( -2.20%) -> strength 0.0819
21:34:00 - 
21:34:00 -   Top 5 SHORT liquidation zones (resistance):
21:34:00 -     $   107,880 (+20.39%) -> strength 0.2340
21:34:00 -     $    98,820 (+10.28%) -> strength 0.2340
21:34:00 -     $    94,300 ( +5.23%) -> strength 0.2106
21:34:00 -     $    93,400 ( +4.23%) -> strength 0.1638
21:34:00 -     $    91,580 ( +2.20%) -> strength 0.0819
21:34:00 - ================================================================================
21:34:00 - [BTC] Weights updated by calibrator:
21:34:00 -       5x -> weight 0.2340
21:34:00 -      10x -> weight 0.2340
21:34:00 -      20x -> weight 0.2106
21:34:00 -      25x -> weight 0.1638
21:34:00 -      50x -> weight 0.0819
21:34:00 -      75x -> weight 0.0328
21:34:00 -     100x -> weight 0.0187
21:34:00 -     125x -> weight 0.0117
21:34:00 -     150x -> weight 0.0070
21:34:00 -     200x -> weight 0.0035
21:34:00 -     250x -> weight 0.0019
21:34:00 -   Buffer updated to: 0.0020
21:35:00 - ================================================================================
21:35:00 - [BTC] MINUTE 2 UPDATE
21:35:00 - ================================================================================
21:35:00 -   src (ohlc4) = $89,600.85
21:35:00 -   buyRatio = 1.3916, sellRatio = 1.1263
21:35:00 - 
21:35:00 -   Projections by leverage:
21:35:00 -   ----------------------------------------------------------------------
21:35:00 -     Lev |   Weight |    Long Zone |   Short Zone |    L Str |    S Str
21:35:00 -   ----------------------------------------------------------------------
21:35:00 -       5x |   0.2340 | $    71,340 | $   107,860 |   0.3257 |   0.2636
21:35:00 -      10x |   0.2340 | $    80,380 | $    98,820 |   0.3257 |   0.2636
21:35:00 -      20x |   0.2106 | $    84,900 | $    94,300 |   0.2931 |   0.2372
21:35:00 -      25x |   0.1638 | $    85,820 | $    93,380 |   0.2280 |   0.1845
21:35:00 -      50x |   0.0819 | $    87,620 | $    91,580 |   0.1140 |   0.0923
21:35:00 -      75x |   0.0328 | $    88,220 | $    90,980 |   0.0456 |   0.0369
21:35:00 -     100x |   0.0187 | $    88,520 | $    90,680 |   0.0260 |   0.0211
21:35:00 -     125x |   0.0117 | $    88,700 | $    90,500 |   0.0163 |   0.0132
21:35:00 -     150x |   0.0070 | $    88,820 | $    90,380 |   0.0098 |   0.0079
21:35:00 -     200x |   0.0035 | $    88,980 | $    90,220 |   0.0049 |   0.0039
21:35:00 -     250x |   0.0019 | $    89,060 | $    90,140 |   0.0026 |   0.0021
21:35:00 - 
21:35:00 -   Top 5 LONG liquidation zones (support):
21:35:00 -     $    71,340 (-20.38%) -> strength 0.5527
21:35:00 -     $    80,380 (-10.29%) -> strength 0.5527
21:35:00 -     $    85,820 ( -4.22%) -> strength 0.3869
21:35:00 -     $    84,900 ( -5.25%) -> strength 0.2931
21:35:00 -     $    84,920 ( -5.22%) -> strength 0.2043
21:35:00 - 
21:35:00 -   Top 5 SHORT liquidation zones (resistance):
21:35:00 -     $    98,820 (+10.29%) -> strength 0.4906
21:35:00 -     $    94,300 ( +5.24%) -> strength 0.4415
21:35:00 -     $   107,860 (+20.38%) -> strength 0.2636
21:35:00 -     $   107,880 (+20.40%) -> strength 0.2270
21:35:00 -     $    93,380 ( +4.22%) -> strength 0.1845
21:35:00 - ================================================================================
21:36:00 - ================================================================================
21:36:00 - [BTC] MINUTE 3 UPDATE
21:36:00 - ================================================================================
21:36:00 -   src (ohlc4) = $89,593.75
21:36:00 -   buyRatio = 0.6501, sellRatio = 0.1887
21:36:00 - 
21:36:00 -   Projections by leverage:
21:36:00 -   ----------------------------------------------------------------------
21:36:00 -     Lev |   Weight |    Long Zone |   Short Zone |    L Str |    S Str
21:36:00 -   ----------------------------------------------------------------------
21:36:00 -       5x |   0.2340 | $    71,320 | $   107,860 |   0.1521 |   0.0442
21:36:00 -      10x |   0.2340 | $    80,380 | $    98,820 |   0.1521 |   0.0442
21:36:00 -      20x |   0.2106 | $    84,900 | $    94,280 |   0.1369 |   0.0397
21:36:00 -      25x |   0.1638 | $    85,800 | $    93,380 |   0.1065 |   0.0309
21:36:00 -      50x |   0.0819 | $    87,620 | $    91,580 |   0.0532 |   0.0155
21:36:00 -      75x |   0.0328 | $    88,220 | $    90,960 |   0.0213 |   0.0062
21:36:00 -     100x |   0.0187 | $    88,520 | $    90,660 |   0.0122 |   0.0035
21:36:00 -     125x |   0.0117 | $    88,700 | $    90,480 |   0.0076 |   0.0022
21:36:00 -     150x |   0.0070 | $    88,820 | $    90,360 |   0.0046 |   0.0013
21:36:00 -     200x |   0.0035 | $    88,980 | $    90,220 |   0.0023 |   0.0007
21:36:00 -     250x |   0.0019 | $    89,060 | $    90,120 |   0.0012 |   0.0004
21:36:00 - 
21:36:00 -   Top 5 LONG liquidation zones (support):
21:36:00 -     $    80,380 (-10.28%) -> strength 0.6882
21:36:00 -     $    71,340 (-20.37%) -> strength 0.5361
21:36:00 -     $    84,900 ( -5.24%) -> strength 0.4212
21:36:00 -     $    85,820 ( -4.21%) -> strength 0.3753
21:36:00 -     $    84,920 ( -5.22%) -> strength 0.1982
21:36:00 - 
21:36:00 -   Top 5 SHORT liquidation zones (resistance):
21:36:00 -     $    98,820 (+10.30%) -> strength 0.5200
21:36:00 -     $    94,300 ( +5.25%) -> strength 0.4283
21:36:00 -     $   107,860 (+20.39%) -> strength 0.2998
21:36:00 -     $   107,880 (+20.41%) -> strength 0.2202
21:36:00 -     $    93,380 ( +4.23%) -> strength 0.2099
21:36:00 - ================================================================================
21:37:00 - ================================================================================
21:37:00 - [BTC] MINUTE 4 UPDATE
21:37:00 - ================================================================================
21:37:00 -   src (ohlc4) = $89,588.67
21:37:00 -   buyRatio = 2.3763, sellRatio = 1.6336
21:37:00 - 
21:37:00 -   Projections by leverage:
21:37:00 -   ----------------------------------------------------------------------
21:37:00 -     Lev |   Weight |    Long Zone |   Short Zone |    L Str |    S Str
21:37:00 -   ----------------------------------------------------------------------
21:37:00 -       5x |   0.2340 | $    71,320 | $   107,860 |   0.5561 |   0.3823
21:37:00 -      10x |   0.2340 | $    80,380 | $    98,800 |   0.5561 |   0.3823
21:37:00 -      20x |   0.2106 | $    84,900 | $    94,280 |   0.5005 |   0.3441
21:37:00 -      25x |   0.1638 | $    85,800 | $    93,380 |   0.3893 |   0.2676
21:37:00 -      50x |   0.0819 | $    87,600 | $    91,560 |   0.1946 |   0.1338
21:37:00 -      75x |   0.0328 | $    88,220 | $    90,960 |   0.0779 |   0.0535
21:37:00 -     100x |   0.0187 | $    88,520 | $    90,660 |   0.0444 |   0.0306
21:37:00 -     125x |   0.0117 | $    88,700 | $    90,480 |   0.0278 |   0.0191
21:37:00 -     150x |   0.0070 | $    88,820 | $    90,360 |   0.0167 |   0.0115
21:37:00 -     200x |   0.0035 | $    88,960 | $    90,220 |   0.0083 |   0.0057
21:37:00 -     250x |   0.0019 | $    89,060 | $    90,120 |   0.0044 |   0.0031
21:37:00 - 
21:37:00 -   Top 5 LONG liquidation zones (support):
21:37:00 -     $    80,380 (-10.28%) -> strength 1.2237
21:37:00 -     $    84,900 ( -5.23%) -> strength 0.9091
21:37:00 -     $    71,320 (-20.39%) -> strength 0.7037
21:37:00 -     $    71,340 (-20.37%) -> strength 0.5200
21:37:00 -     $    85,800 ( -4.23%) -> strength 0.4926
21:37:00 - 
21:37:00 -   Top 5 SHORT liquidation zones (resistance):
21:37:00 -     $   107,860 (+20.39%) -> strength 0.6732
21:37:00 -     $    98,820 (+10.30%) -> strength 0.5044
21:37:00 -     $    93,380 ( +4.23%) -> strength 0.4712
21:37:00 -     $    94,300 ( +5.26%) -> strength 0.4154
21:37:00 -     $    94,280 ( +5.24%) -> strength 0.3826
21:37:00 - ================================================================================
21:38:00 - ================================================================================
21:38:00 - [BTC] MINUTE 5 UPDATE
21:38:00 - ================================================================================
21:38:00 -   src (ohlc4) = $89,584.30
21:38:00 -   buyRatio = 0.5769, sellRatio = 1.0810
21:38:00 - 
21:38:00 -   Projections by leverage:
21:38:00 -   ----------------------------------------------------------------------
21:38:00 -     Lev |   Weight |    Long Zone |   Short Zone |    L Str |    S Str
21:38:00 -   ----------------------------------------------------------------------
21:38:00 -       5x |   0.2340 | $    71,320 | $   107,840 |   0.1350 |   0.2530
21:38:00 -      10x |   0.2340 | $    80,360 | $    98,800 |   0.1350 |   0.2530
21:38:00 -      20x |   0.2106 | $    84,900 | $    94,280 |   0.1215 |   0.2277
21:38:00 -      25x |   0.1638 | $    85,800 | $    93,380 |   0.0945 |   0.1771
21:38:00 -      50x |   0.0819 | $    87,600 | $    91,560 |   0.0473 |   0.0886
21:38:00 -      75x |   0.0328 | $    88,200 | $    90,960 |   0.0189 |   0.0354
21:38:00 -     100x |   0.0187 | $    88,520 | $    90,660 |   0.0108 |   0.0202
21:38:00 -     125x |   0.0117 | $    88,700 | $    90,480 |   0.0067 |   0.0126
21:38:00 -     150x |   0.0070 | $    88,820 | $    90,360 |   0.0040 |   0.0076
21:38:00 -     200x |   0.0035 | $    88,960 | $    90,200 |   0.0020 |   0.0038
21:38:00 -     250x |   0.0019 | $    89,060 | $    90,120 |   0.0011 |   0.0020
21:38:00 - 
21:38:00 -   Top 5 LONG liquidation zones (support):
21:38:00 -     $    80,380 (-10.27%) -> strength 1.1870
21:38:00 -     $    84,900 ( -5.23%) -> strength 1.0034
21:38:00 -     $    71,320 (-20.39%) -> strength 0.8176
21:38:00 -     $    85,800 ( -4.22%) -> strength 0.5723
21:38:00 -     $    71,340 (-20.37%) -> strength 0.5044
21:38:00 - 
21:38:00 -   Top 5 SHORT liquidation zones (resistance):
21:38:00 -     $   107,860 (+20.40%) -> strength 0.6530
21:38:00 -     $    93,380 ( +4.24%) -> strength 0.6342
21:38:00 -     $    98,800 (+10.29%) -> strength 0.6239
21:38:00 -     $    94,280 ( +5.24%) -> strength 0.5989
21:38:00 -     $    98,820 (+10.31%) -> strength 0.4893
21:38:00 - ================================================================================
21:39:00 - ================================================================================
21:39:00 - [BTC] MINUTE 6 UPDATE
21:39:00 - ================================================================================
21:39:00 -   src (ohlc4) = $89,592.70
21:39:00 -   buyRatio = 2.2716, sellRatio = 0.2876
21:39:00 - 
21:39:00 -   Projections by leverage:
21:39:00 -   ----------------------------------------------------------------------
21:39:00 -     Lev |   Weight |    Long Zone |   Short Zone |    L Str |    S Str
21:39:00 -   ----------------------------------------------------------------------
21:39:00 -       5x |   0.2340 | $    71,320 | $   107,860 |   0.5316 |   0.0673
21:39:00 -      10x |   0.2340 | $    80,380 | $    98,820 |   0.5316 |   0.0673
21:39:00 -      20x |   0.2106 | $    84,900 | $    94,280 |   0.4785 |   0.0606
21:39:00 -      25x |   0.1638 | $    85,800 | $    93,380 |   0.3721 |   0.0471
21:39:00 -      50x |   0.0819 | $    87,620 | $    91,580 |   0.1861 |   0.0236
21:39:00 -      75x |   0.0328 | $    88,220 | $    90,960 |   0.0744 |   0.0094
21:39:00 -     100x |   0.0187 | $    88,520 | $    90,660 |   0.0425 |   0.0054
21:39:00 -     125x |   0.0117 | $    88,700 | $    90,480 |   0.0266 |   0.0034
21:39:00 -     150x |   0.0070 | $    88,820 | $    90,360 |   0.0159 |   0.0020
21:39:00 -     200x |   0.0035 | $    88,980 | $    90,220 |   0.0080 |   0.0010
21:39:00 -     250x |   0.0019 | $    89,060 | $    90,120 |   0.0043 |   0.0005
21:39:00 - 
21:39:00 -   Top 5 LONG liquidation zones (support):
21:39:00 -     $    80,380 (-10.28%) -> strength 1.6831
21:39:00 -     $    84,900 ( -5.24%) -> strength 1.4518
21:39:00 -     $    71,320 (-20.40%) -> strength 1.3247
21:39:00 -     $    85,800 ( -4.23%) -> strength 0.9273
21:39:00 -     $    71,340 (-20.37%) -> strength 0.4893
21:39:00 - 
21:39:00 -   Top 5 SHORT liquidation zones (resistance):
21:39:00 -     $   107,860 (+20.39%) -> strength 0.7007
21:39:00 -     $    93,380 ( +4.23%) -> strength 0.6623
21:39:00 -     $    94,280 ( +5.23%) -> strength 0.6415
21:39:00 -     $    98,800 (+10.28%) -> strength 0.6051
21:39:00 -     $    98,820 (+10.30%) -> strength 0.5419
21:39:00 - ================================================================================
21:40:00 - ================================================================================
21:40:00 - [BTC] MINUTE 7 UPDATE
21:40:00 - ================================================================================
21:40:00 -   src (ohlc4) = $89,625.15
21:40:00 -   buyRatio = 4.5186, sellRatio = 0.4750
21:40:00 - 
21:40:00 -   Projections by leverage:
21:40:00 -   ----------------------------------------------------------------------
21:40:00 -     Lev |   Weight |    Long Zone |   Short Zone |    L Str |    S Str
21:40:00 -   ----------------------------------------------------------------------
21:40:00 -       5x |   0.2340 | $    71,360 | $   107,900 |   1.0575 |   0.1112
21:40:00 -      10x |   0.2340 | $    80,400 | $    98,840 |   1.0575 |   0.1112
21:40:00 -      20x |   0.2106 | $    84,920 | $    94,320 |   0.9518 |   0.1000
21:40:00 -      25x |   0.1638 | $    85,840 | $    93,420 |   0.7403 |   0.0778
21:40:00 -      50x |   0.0819 | $    87,640 | $    91,600 |   0.3701 |   0.0389
21:40:00 -      75x |   0.0328 | $    88,240 | $    91,000 |   0.1480 |   0.0156
21:40:00 -     100x |   0.0187 | $    88,560 | $    90,700 |   0.0845 |   0.0089
21:40:00 -     125x |   0.0117 | $    88,740 | $    90,520 |   0.0528 |   0.0056
21:40:00 -     150x |   0.0070 | $    88,860 | $    90,400 |   0.0317 |   0.0033
21:40:00 -     200x |   0.0035 | $    89,000 | $    90,240 |   0.0158 |   0.0017
21:40:00 -     250x |   0.0019 | $    89,100 | $    90,160 |   0.0085 |   0.0009
21:40:00 - 
21:40:00 -   Top 5 LONG liquidation zones (support):
21:40:00 -     $    80,380 (-10.32%) -> strength 1.6326
21:40:00 -     $    84,900 ( -5.27%) -> strength 1.4082
21:40:00 -     $    71,320 (-20.42%) -> strength 1.2850
21:40:00 -     $    84,920 ( -5.25%) -> strength 1.1272
21:40:00 -     $    71,360 (-20.38%) -> strength 1.0575
21:40:00 - 
21:40:00 -   Top 5 SHORT liquidation zones (resistance):
21:40:00 -     $   107,860 (+20.35%) -> strength 0.6797
21:40:00 -     $    93,380 ( +4.19%) -> strength 0.6424
21:40:00 -     $    94,280 ( +5.19%) -> strength 0.6222
21:40:00 -     $    98,800 (+10.24%) -> strength 0.5870
21:40:00 -     $    98,820 (+10.26%) -> strength 0.5257
21:40:00 - ================================================================================
21:41:00 - ================================================================================
21:41:00 - [BTC] MINUTE 8 UPDATE
21:41:00 - ================================================================================
21:41:00 -   src (ohlc4) = $89,646.25
21:41:00 -   buyRatio = 1.9269, sellRatio = 2.1251
21:41:00 - 
21:41:00 -   Projections by leverage:
21:41:00 -   ----------------------------------------------------------------------
21:41:00 -     Lev |   Weight |    Long Zone |   Short Zone |    L Str |    S Str
21:41:00 -   ----------------------------------------------------------------------
21:41:00 -       5x |   0.2340 | $    71,360 | $   107,920 |   0.4510 |   0.4974
21:41:00 -      10x |   0.2340 | $    80,420 | $    98,860 |   0.4510 |   0.4974
21:41:00 -      20x |   0.2106 | $    84,940 | $    94,340 |   0.4059 |   0.4476
21:41:00 -      25x |   0.1638 | $    85,860 | $    93,440 |   0.3157 |   0.3481
21:41:00 -      50x |   0.0819 | $    87,660 | $    91,620 |   0.1578 |   0.1741
21:41:00 -      75x |   0.0328 | $    88,260 | $    91,020 |   0.0631 |   0.0696
21:41:00 -     100x |   0.0187 | $    88,580 | $    90,720 |   0.0360 |   0.0397
21:41:00 -     125x |   0.0117 | $    88,760 | $    90,540 |   0.0225 |   0.0248
21:41:00 -     150x |   0.0070 | $    88,880 | $    90,420 |   0.0135 |   0.0149
21:41:00 -     200x |   0.0035 | $    89,020 | $    90,260 |   0.0068 |   0.0075
21:41:00 -     250x |   0.0019 | $    89,120 | $    90,180 |   0.0036 |   0.0040
21:41:00 - 
21:41:00 -   Top 5 LONG liquidation zones (support):
21:41:00 -     $    80,380 (-10.34%) -> strength 1.5836
21:41:00 -     $    71,360 (-20.40%) -> strength 1.4768
21:41:00 -     $    84,900 ( -5.29%) -> strength 1.3660
21:41:00 -     $    71,320 (-20.44%) -> strength 1.2464
21:41:00 -     $    84,920 ( -5.27%) -> strength 1.0934
21:41:00 - 
21:41:00 -   Top 5 SHORT liquidation zones (resistance):
21:41:00 -     $   107,860 (+20.32%) -> strength 0.6593
21:41:00 -     $    93,380 ( +4.16%) -> strength 0.6231
21:41:00 -     $    94,280 ( +5.17%) -> strength 0.6036
21:41:00 -     $    98,800 (+10.21%) -> strength 0.5694
21:41:00 -     $    98,820 (+10.23%) -> strength 0.5099
21:41:00 - ================================================================================
21:42:00 - ================================================================================
21:42:00 - [BTC] MINUTE 9 UPDATE
21:42:00 - ================================================================================
21:42:00 -   src (ohlc4) = $89,646.25
21:42:00 -   buyRatio = 0.3474, sellRatio = 0.4470
21:42:00 - 
21:42:00 -   Projections by leverage:
21:42:00 -   ----------------------------------------------------------------------
21:42:00 -     Lev |   Weight |    Long Zone |   Short Zone |    L Str |    S Str
21:42:00 -   ----------------------------------------------------------------------
21:42:00 -       5x |   0.2340 | $    71,360 | $   107,920 |   0.0813 |   0.1046
21:42:00 -      10x |   0.2340 | $    80,420 | $    98,860 |   0.0813 |   0.1046
21:42:00 -      20x |   0.2106 | $    84,940 | $    94,340 |   0.0732 |   0.0942
21:42:00 -      25x |   0.1638 | $    85,860 | $    93,440 |   0.0569 |   0.0732
21:42:00 -      50x |   0.0819 | $    87,660 | $    91,620 |   0.0285 |   0.0366
21:42:00 -      75x |   0.0328 | $    88,260 | $    91,020 |   0.0114 |   0.0146
21:42:00 -     100x |   0.0187 | $    88,580 | $    90,720 |   0.0065 |   0.0084
21:42:00 -     125x |   0.0117 | $    88,760 | $    90,540 |   0.0041 |   0.0052
21:42:00 -     150x |   0.0070 | $    88,880 | $    90,420 |   0.0024 |   0.0031
21:42:00 -     200x |   0.0035 | $    89,020 | $    90,260 |   0.0012 |   0.0016
21:42:00 -     250x |   0.0019 | $    89,120 | $    90,180 |   0.0007 |   0.0008
21:42:00 - 
21:42:00 -   Top 5 LONG liquidation zones (support):
21:42:00 -     $    80,380 (-10.34%) -> strength 1.5361
21:42:00 -     $    71,360 (-20.40%) -> strength 1.5138
21:42:00 -     $    84,900 ( -5.29%) -> strength 1.3250
21:42:00 -     $    71,320 (-20.44%) -> strength 1.2091
21:42:00 -     $    84,920 ( -5.27%) -> strength 1.0606
21:42:00 - 
21:42:00 -   Top 5 SHORT liquidation zones (resistance):
21:42:00 -     $   107,860 (+20.32%) -> strength 0.6395
21:42:00 -     $    93,380 ( +4.16%) -> strength 0.6044
21:42:00 -     $   107,920 (+20.38%) -> strength 0.5871
21:42:00 -     $    98,860 (+10.28%) -> strength 0.5871
21:42:00 -     $    94,280 ( +5.17%) -> strength 0.5855
21:42:00 - ================================================================================
21:43:00 - ================================================================================
21:43:00 - [BTC] MINUTE 10 UPDATE
21:43:00 - ================================================================================
21:43:00 -   src (ohlc4) = $89,646.25
21:43:00 -   buyRatio = 0.6114, sellRatio = 0.2535
21:43:00 - 
21:43:00 -   Projections by leverage:
21:43:00 -   ----------------------------------------------------------------------
21:43:00 -     Lev |   Weight |    Long Zone |   Short Zone |    L Str |    S Str
21:43:00 -   ----------------------------------------------------------------------
21:43:00 -       5x |   0.2340 | $    71,360 | $   107,920 |   0.1431 |   0.0593
21:43:00 -      10x |   0.2340 | $    80,420 | $    98,860 |   0.1431 |   0.0593
21:43:00 -      20x |   0.2106 | $    84,940 | $    94,340 |   0.1288 |   0.0534
21:43:00 -      25x |   0.1638 | $    85,860 | $    93,440 |   0.1002 |   0.0415
21:43:00 -      50x |   0.0819 | $    87,660 | $    91,620 |   0.0501 |   0.0208
21:43:00 -      75x |   0.0328 | $    88,260 | $    91,020 |   0.0200 |   0.0083
21:43:00 -     100x |   0.0187 | $    88,580 | $    90,720 |   0.0114 |   0.0047
21:43:00 -     125x |   0.0117 | $    88,760 | $    90,540 |   0.0071 |   0.0030
21:43:00 -     150x |   0.0070 | $    88,880 | $    90,420 |   0.0043 |   0.0018
21:43:00 -     200x |   0.0035 | $    89,020 | $    90,260 |   0.0021 |   0.0009
21:43:00 -     250x |   0.0019 | $    89,120 | $    90,180 |   0.0011 |   0.0005
21:43:00 - 
21:43:00 -   Top 5 LONG liquidation zones (support):
21:43:00 -     $    71,360 (-20.40%) -> strength 1.6114
21:43:00 -     $    80,380 (-10.34%) -> strength 1.4900
21:43:00 -     $    84,900 ( -5.29%) -> strength 1.2852
21:43:00 -     $    71,320 (-20.44%) -> strength 1.1728
21:43:00 -     $    84,920 ( -5.27%) -> strength 1.0288
21:43:00 - 
21:43:00 -   Top 5 SHORT liquidation zones (resistance):
21:43:00 -     $   107,920 (+20.38%) -> strength 0.6288
21:43:00 -     $    98,860 (+10.28%) -> strength 0.6288
21:43:00 -     $   107,860 (+20.32%) -> strength 0.6203
21:43:00 -     $    93,380 ( +4.16%) -> strength 0.5863
21:43:00 -     $    94,280 ( +5.17%) -> strength 0.5679
21:43:00 - ================================================================================
21:44:00 - ================================================================================
21:44:00 - [BTC] MINUTE 11 UPDATE
21:44:00 - ================================================================================
21:44:00 -   src (ohlc4) = $89,648.25
21:44:00 -   buyRatio = 1.0936, sellRatio = 0.5600
21:44:00 - 
21:44:00 -   Projections by leverage:
21:44:00 -   ----------------------------------------------------------------------
21:44:00 -     Lev |   Weight |    Long Zone |   Short Zone |    L Str |    S Str
21:44:00 -   ----------------------------------------------------------------------
21:44:00 -       5x |   0.2340 | $    71,380 | $   107,920 |   0.2559 |   0.1311
21:44:00 -      10x |   0.2340 | $    80,420 | $    98,880 |   0.2559 |   0.1311
21:44:00 -      20x |   0.2106 | $    84,960 | $    94,340 |   0.2303 |   0.1179
21:44:00 -      25x |   0.1638 | $    85,860 | $    93,440 |   0.1792 |   0.0917
21:44:00 -      50x |   0.0819 | $    87,660 | $    91,620 |   0.0896 |   0.0459
21:44:00 -      75x |   0.0328 | $    88,280 | $    91,020 |   0.0358 |   0.0183
21:44:00 -     100x |   0.0187 | $    88,580 | $    90,720 |   0.0205 |   0.0105
21:44:00 -     125x |   0.0117 | $    88,760 | $    90,540 |   0.0128 |   0.0065
21:44:00 -     150x |   0.0070 | $    88,880 | $    90,420 |   0.0077 |   0.0039
21:44:00 -     200x |   0.0035 | $    89,020 | $    90,280 |   0.0038 |   0.0020
21:44:00 -     250x |   0.0019 | $    89,120 | $    90,180 |   0.0020 |   0.0010
21:44:00 - 
21:44:00 -   Top 5 LONG liquidation zones (support):
21:44:00 -     $    71,360 (-20.40%) -> strength 1.5631
21:44:00 -     $    80,380 (-10.34%) -> strength 1.4453
21:44:00 -     $    84,900 ( -5.30%) -> strength 1.2467
21:44:00 -     $    71,320 (-20.44%) -> strength 1.1376
21:44:00 -     $    84,920 ( -5.27%) -> strength 0.9979
21:44:00 - 
21:44:00 -   Top 5 SHORT liquidation zones (resistance):
21:44:00 -     $   107,920 (+20.38%) -> strength 0.7410
21:44:00 -     $    94,340 ( +5.23%) -> strength 0.6669
21:44:00 -     $    98,860 (+10.28%) -> strength 0.6099
21:44:00 -     $   107,860 (+20.31%) -> strength 0.6017
21:44:00 -     $    93,380 ( +4.16%) -> strength 0.5687
21:44:00 - ================================================================================
21:45:00 - ================================================================================
21:45:00 - [BTC] MINUTE 12 UPDATE
21:45:00 - ================================================================================
21:45:00 -   src (ohlc4) = $89,650.35
21:45:00 -   buyRatio = 1.5639, sellRatio = 0.2873
21:45:00 - 
21:45:00 -   Projections by leverage:
21:45:00 -   ----------------------------------------------------------------------
21:45:00 -     Lev |   Weight |    Long Zone |   Short Zone |    L Str |    S Str
21:45:00 -   ----------------------------------------------------------------------
21:45:00 -       5x |   0.2340 | $    71,380 | $   107,920 |   0.3660 |   0.0672
21:45:00 -      10x |   0.2340 | $    80,420 | $    98,880 |   0.3660 |   0.0672
21:45:00 -      20x |   0.2106 | $    84,960 | $    94,340 |   0.3294 |   0.0605
21:45:00 -      25x |   0.1638 | $    85,860 | $    93,440 |   0.2562 |   0.0471
21:45:00 -      50x |   0.0819 | $    87,680 | $    91,640 |   0.1281 |   0.0235
21:45:00 -      75x |   0.0328 | $    88,280 | $    91,020 |   0.0512 |   0.0094
21:45:00 -     100x |   0.0187 | $    88,580 | $    90,720 |   0.0292 |   0.0054
21:45:00 -     125x |   0.0117 | $    88,760 | $    90,540 |   0.0183 |   0.0034
21:45:00 -     150x |   0.0070 | $    88,880 | $    90,420 |   0.0110 |   0.0020
21:45:00 -     200x |   0.0035 | $    89,020 | $    90,280 |   0.0055 |   0.0010
21:45:00 -     250x |   0.0019 | $    89,120 | $    90,180 |   0.0029 |   0.0005
21:45:00 - 
21:45:00 -   Top 5 LONG liquidation zones (support):
21:45:00 -     $    71,360 (-20.40%) -> strength 1.5162
21:45:00 -     $    80,380 (-10.34%) -> strength 1.4019
21:45:00 -     $    80,420 (-10.30%) -> strength 1.2223
21:45:00 -     $    84,900 ( -5.30%) -> strength 1.2093
21:45:00 -     $    71,320 (-20.45%) -> strength 1.1035
21:45:00 - 
21:45:00 -   Top 5 SHORT liquidation zones (resistance):
21:45:00 -     $   107,920 (+20.38%) -> strength 0.7860
21:45:00 -     $    94,340 ( +5.23%) -> strength 0.7074
21:45:00 -     $    98,860 (+10.27%) -> strength 0.5916
21:45:00 -     $   107,860 (+20.31%) -> strength 0.5837
21:45:00 -     $    93,380 ( +4.16%) -> strength 0.5517
21:45:00 - ================================================================================
21:46:00 - ================================================================================
21:46:00 - [BTC] MINUTE 13 UPDATE
21:46:00 - ================================================================================
21:46:00 -   src (ohlc4) = $89,651.10
21:46:00 -   buyRatio = 1.4609, sellRatio = 1.1217
21:46:00 - 
21:46:00 -   Projections by leverage:
21:46:00 -   ----------------------------------------------------------------------
21:46:00 -     Lev |   Weight |    Long Zone |   Short Zone |    L Str |    S Str
21:46:00 -   ----------------------------------------------------------------------
21:46:00 -       5x |   0.2340 | $    71,380 | $   107,920 |   0.3419 |   0.2625
21:46:00 -      10x |   0.2340 | $    80,420 | $    98,880 |   0.3419 |   0.2625
21:46:00 -      20x |   0.2106 | $    84,960 | $    94,340 |   0.3077 |   0.2363
21:46:00 -      25x |   0.1638 | $    85,860 | $    93,440 |   0.2393 |   0.1838
21:46:00 -      50x |   0.0819 | $    87,680 | $    91,640 |   0.1197 |   0.0919
21:46:00 -      75x |   0.0328 | $    88,280 | $    91,020 |   0.0479 |   0.0368
21:46:00 -     100x |   0.0187 | $    88,580 | $    90,720 |   0.0273 |   0.0210
21:46:00 -     125x |   0.0117 | $    88,760 | $    90,540 |   0.0171 |   0.0131
21:46:00 -     150x |   0.0070 | $    88,880 | $    90,420 |   0.0102 |   0.0079
21:46:00 -     200x |   0.0035 | $    89,020 | $    90,280 |   0.0051 |   0.0039
21:46:00 -     250x |   0.0019 | $    89,120 | $    90,180 |   0.0027 |   0.0021
21:46:00 - 
21:46:00 -   Top 5 LONG liquidation zones (support):
21:46:00 -     $    80,420 (-10.30%) -> strength 1.5276
21:46:00 -     $    71,360 (-20.40%) -> strength 1.4707
21:46:00 -     $    80,380 (-10.34%) -> strength 1.3599
21:46:00 -     $    84,900 ( -5.30%) -> strength 1.1730
21:46:00 -     $    71,320 (-20.45%) -> strength 1.0704
21:46:00 - 
21:46:00 -   Top 5 SHORT liquidation zones (resistance):
21:46:00 -     $   107,920 (+20.38%) -> strength 1.0249
21:46:00 -     $    94,340 ( +5.23%) -> strength 0.9224
21:46:00 -     $    93,440 ( +4.23%) -> strength 0.7174
21:46:00 -     $    98,860 (+10.27%) -> strength 0.5739
21:46:00 -     $   107,860 (+20.31%) -> strength 0.5662
21:46:00 - ================================================================================
21:47:00 - ================================================================================
21:47:00 - [BTC] MINUTE 14 UPDATE
21:47:00 - ================================================================================
21:47:00 -   src (ohlc4) = $89,649.70
21:47:00 -   buyRatio = 0.5302, sellRatio = 1.8923
21:47:00 - 
21:47:00 -   Projections by leverage:
21:47:00 -   ----------------------------------------------------------------------
21:47:00 -     Lev |   Weight |    Long Zone |   Short Zone |    L Str |    S Str
21:47:00 -   ----------------------------------------------------------------------
21:47:00 -       5x |   0.2340 | $    71,380 | $   107,920 |   0.1241 |   0.4429
21:47:00 -      10x |   0.2340 | $    80,420 | $    98,880 |   0.1241 |   0.4429
21:47:00 -      20x |   0.2106 | $    84,960 | $    94,340 |   0.1117 |   0.3986
21:47:00 -      25x |   0.1638 | $    85,860 | $    93,440 |   0.0869 |   0.3100
21:47:00 -      50x |   0.0819 | $    87,660 | $    91,620 |   0.0434 |   0.1550
21:47:00 -      75x |   0.0328 | $    88,280 | $    91,020 |   0.0174 |   0.0620
21:47:00 -     100x |   0.0187 | $    88,580 | $    90,720 |   0.0099 |   0.0354
21:47:00 -     125x |   0.0117 | $    88,760 | $    90,540 |   0.0062 |   0.0221
21:47:00 -     150x |   0.0070 | $    88,880 | $    90,420 |   0.0037 |   0.0133
21:47:00 -     200x |   0.0035 | $    89,020 | $    90,280 |   0.0019 |   0.0066
21:47:00 -     250x |   0.0019 | $    89,120 | $    90,180 |   0.0010 |   0.0035
21:47:00 - 
21:47:00 -   Top 5 LONG liquidation zones (support):
21:47:00 -     $    80,420 (-10.30%) -> strength 1.6058
21:47:00 -     $    71,360 (-20.40%) -> strength 1.4266
21:47:00 -     $    80,380 (-10.34%) -> strength 1.3191
21:47:00 -     $    84,900 ( -5.30%) -> strength 1.1378
21:47:00 -     $    85,860 ( -4.23%) -> strength 1.1241
21:47:00 - 
21:47:00 -   Top 5 SHORT liquidation zones (resistance):
21:47:00 -     $   107,920 (+20.38%) -> strength 1.4370
21:47:00 -     $    94,340 ( +5.23%) -> strength 1.2933
21:47:00 -     $    93,440 ( +4.23%) -> strength 1.0059
21:47:00 -     $    98,880 (+10.30%) -> strength 0.8804
21:47:00 -     $    98,860 (+10.27%) -> strength 0.5567
21:47:00 - ================================================================================
21:48:00 - ================================================================================
21:48:00 - [BTC] MINUTE 15 UPDATE
21:48:00 - ================================================================================
21:48:00 -   src (ohlc4) = $89,634.55
21:48:00 -   buyRatio = 0.4975, sellRatio = 7.4163
21:48:00 - 
21:48:00 -   Projections by leverage:
21:48:00 -   ----------------------------------------------------------------------
21:48:00 -     Lev |   Weight |    Long Zone |   Short Zone |    L Str |    S Str
21:48:00 -   ----------------------------------------------------------------------
21:48:00 -       5x |   0.2340 | $    71,360 | $   107,900 |   0.1164 |   1.7357
21:48:00 -      10x |   0.2340 | $    80,420 | $    98,860 |   0.1164 |   1.7357
21:48:00 -      20x |   0.2106 | $    84,940 | $    94,340 |   0.1048 |   1.5621
21:48:00 -      25x |   0.1638 | $    85,840 | $    93,420 |   0.0815 |   1.2150
21:48:00 -      50x |   0.0819 | $    87,660 | $    91,620 |   0.0408 |   0.6075
21:48:00 -      75x |   0.0328 | $    88,260 | $    91,020 |   0.0163 |   0.2430
21:48:00 -     100x |   0.0187 | $    88,560 | $    90,700 |   0.0093 |   0.1387
21:48:00 -     125x |   0.0117 | $    88,740 | $    90,520 |   0.0058 |   0.0867
21:48:00 -     150x |   0.0070 | $    88,860 | $    90,400 |   0.0035 |   0.0520
21:48:00 -     200x |   0.0035 | $    89,020 | $    90,260 |   0.0017 |   0.0260
21:48:00 -     250x |   0.0019 | $    89,100 | $    90,160 |   0.0009 |   0.0139
21:48:00 - 
21:48:00 -   Top 5 LONG liquidation zones (support):
21:48:00 -     $    80,420 (-10.28%) -> strength 1.6741
21:48:00 -     $    71,360 (-20.39%) -> strength 1.5002
21:48:00 -     $    80,380 (-10.32%) -> strength 1.2795
21:48:00 -     $    84,900 ( -5.28%) -> strength 1.1037
21:48:00 -     $    85,860 ( -4.21%) -> strength 1.0904
21:48:00 - 
21:48:00 -   Top 5 SHORT liquidation zones (resistance):
21:48:00 -     $    94,340 ( +5.25%) -> strength 2.8167
21:48:00 -     $    98,860 (+10.29%) -> strength 2.2756
21:48:00 -     $   107,900 (+20.38%) -> strength 1.8228
21:48:00 -     $   107,920 (+20.40%) -> strength 1.3939
21:48:00 -     $    93,420 ( +4.22%) -> strength 1.2760
21:48:00 - ================================================================================
21:48:00 - [BTC] Weights updated by calibrator:
21:48:00 -       5x -> weight 0.2340
21:48:00 -      10x -> weight 0.2340
21:48:00 -      20x -> weight 0.2106
21:48:00 -      25x -> weight 0.1638
21:48:00 -      50x -> weight 0.0819
21:48:00 -      75x -> weight 0.0328
21:48:00 -     100x -> weight 0.0187
21:48:00 -     125x -> weight 0.0117
21:48:00 -     150x -> weight 0.0070
21:48:00 -     200x -> weight 0.0035
21:48:00 -     250x -> weight 0.0019
21:48:00 -   Buffer updated to: 0.0020
21:49:00 - ================================================================================
21:49:00 - [BTC] MINUTE 16 UPDATE
21:49:00 - ================================================================================
21:49:00 -   src (ohlc4) = $89,626.20
21:49:00 -   buyRatio = 1.2060, sellRatio = 0.2209
21:49:00 - 
21:49:00 -   Projections by leverage:
21:49:00 -   ----------------------------------------------------------------------
21:49:00 -     Lev |   Weight |    Long Zone |   Short Zone |    L Str |    S Str
21:49:00 -   ----------------------------------------------------------------------
21:49:00 -       5x |   0.2340 | $    71,360 | $   107,900 |   0.2823 |   0.0517
21:49:00 -      10x |   0.2340 | $    80,400 | $    98,840 |   0.2823 |   0.0517
21:49:00 -      20x |   0.2106 | $    84,940 | $    94,320 |   0.2540 |   0.0465
21:49:00 -      25x |   0.1638 | $    85,840 | $    93,420 |   0.1976 |   0.0362
21:49:00 -      50x |   0.0819 | $    87,640 | $    91,600 |   0.0988 |   0.0181
21:49:00 -      75x |   0.0328 | $    88,240 | $    91,000 |   0.0395 |   0.0072
21:49:00 -     100x |   0.0187 | $    88,560 | $    90,700 |   0.0226 |   0.0041
21:49:00 -     125x |   0.0117 | $    88,740 | $    90,520 |   0.0141 |   0.0026
21:49:00 -     150x |   0.0070 | $    88,860 | $    90,400 |   0.0085 |   0.0015
21:49:00 -     200x |   0.0035 | $    89,000 | $    90,240 |   0.0042 |   0.0008
21:49:00 -     250x |   0.0019 | $    89,100 | $    90,160 |   0.0023 |   0.0004
21:49:00 - 
21:49:00 -   Top 5 LONG liquidation zones (support):
21:49:00 -     $    71,360 (-20.38%) -> strength 1.7375
21:49:00 -     $    80,420 (-10.27%) -> strength 1.6239
21:49:00 -     $    80,380 (-10.32%) -> strength 1.2411
21:49:00 -     $    80,400 (-10.29%) -> strength 1.0862
21:49:00 -     $    84,900 ( -5.27%) -> strength 1.0706
21:49:00 - 
21:49:00 -   Top 5 SHORT liquidation zones (resistance):
21:49:00 -     $    94,340 ( +5.26%) -> strength 2.7322
21:49:00 -     $    98,860 (+10.30%) -> strength 2.2074
21:49:00 -     $   107,900 (+20.39%) -> strength 1.8198
21:49:00 -     $   107,920 (+20.41%) -> strength 1.3521
21:49:00 -     $    93,420 ( +4.23%) -> strength 1.2739
21:49:00 - ================================================================================
21:50:00 - ================================================================================
21:50:00 - [BTC] MINUTE 17 UPDATE
21:50:00 - ================================================================================
21:50:00 -   src (ohlc4) = $89,638.00
21:50:00 -   buyRatio = 1.7078, sellRatio = 1.2450
21:50:00 - 
21:50:00 -   Projections by leverage:
21:50:00 -   ----------------------------------------------------------------------
21:50:00 -     Lev |   Weight |    Long Zone |   Short Zone |    L Str |    S Str
21:50:00 -   ----------------------------------------------------------------------
21:50:00 -       5x |   0.2340 | $    71,360 | $   107,920 |   0.3997 |   0.2914
21:50:00 -      10x |   0.2340 | $    80,420 | $    98,860 |   0.3997 |   0.2914
21:50:00 -      20x |   0.2106 | $    84,940 | $    94,340 |   0.3597 |   0.2622
21:50:00 -      25x |   0.1638 | $    85,840 | $    93,420 |   0.2798 |   0.2040
21:50:00 -      50x |   0.0819 | $    87,660 | $    91,620 |   0.1399 |   0.1020
21:50:00 -      75x |   0.0328 | $    88,260 | $    91,020 |   0.0560 |   0.0408
21:50:00 -     100x |   0.0187 | $    88,560 | $    90,720 |   0.0319 |   0.0233
21:50:00 -     125x |   0.0117 | $    88,740 | $    90,540 |   0.0200 |   0.0146
21:50:00 -     150x |   0.0070 | $    88,860 | $    90,420 |   0.0120 |   0.0087
21:50:00 -     200x |   0.0035 | $    89,020 | $    90,260 |   0.0060 |   0.0044
21:50:00 -     250x |   0.0019 | $    89,100 | $    90,160 |   0.0032 |   0.0023
21:50:00 - 
21:50:00 -   Top 5 LONG liquidation zones (support):
21:50:00 -     $    71,360 (-20.39%) -> strength 2.0850
21:50:00 -     $    80,420 (-10.28%) -> strength 1.9748
21:50:00 -     $    80,380 (-10.33%) -> strength 1.2039
21:50:00 -     $    84,940 ( -5.24%) -> strength 1.1747
21:50:00 -     $    85,840 ( -4.24%) -> strength 1.0940
21:50:00 - 
21:50:00 -   Top 5 SHORT liquidation zones (resistance):
21:50:00 -     $    94,340 ( +5.25%) -> strength 2.9124
21:50:00 -     $    98,860 (+10.29%) -> strength 2.4325
21:50:00 -     $   107,900 (+20.37%) -> strength 1.7652
21:50:00 -     $   107,920 (+20.40%) -> strength 1.6029
21:50:00 -     $    93,420 ( +4.22%) -> strength 1.4396
21:50:00 - ================================================================================
21:51:00 - ================================================================================
21:51:00 - [BTC] MINUTE 18 UPDATE
21:51:00 - ================================================================================
21:51:00 -   src (ohlc4) = $89,630.80
21:51:00 -   buyRatio = 0.2512, sellRatio = 0.8033
21:51:00 - 
21:51:00 -   Projections by leverage:
21:51:00 -   ----------------------------------------------------------------------
21:51:00 -     Lev |   Weight |    Long Zone |   Short Zone |    L Str |    S Str
21:51:00 -   ----------------------------------------------------------------------
21:51:00 -       5x |   0.2340 | $    71,360 | $   107,900 |   0.0588 |   0.1880
21:51:00 -      10x |   0.2340 | $    80,400 | $    98,860 |   0.0588 |   0.1880
21:51:00 -      20x |   0.2106 | $    84,940 | $    94,320 |   0.0529 |   0.1692
21:51:00 -      25x |   0.1638 | $    85,840 | $    93,420 |   0.0412 |   0.1316
21:51:00 -      50x |   0.0819 | $    87,660 | $    91,620 |   0.0206 |   0.0658
21:51:00 -      75x |   0.0328 | $    88,260 | $    91,000 |   0.0082 |   0.0263
21:51:00 -     100x |   0.0187 | $    88,560 | $    90,700 |   0.0047 |   0.0150
21:51:00 -     125x |   0.0117 | $    88,740 | $    90,520 |   0.0029 |   0.0094
21:51:00 -     150x |   0.0070 | $    88,860 | $    90,400 |   0.0018 |   0.0056
21:51:00 -     200x |   0.0035 | $    89,000 | $    90,260 |   0.0009 |   0.0028
21:51:00 -     250x |   0.0019 | $    89,100 | $    90,160 |   0.0005 |   0.0015
21:51:00 - 
21:51:00 -   Top 5 LONG liquidation zones (support):
21:51:00 -     $    71,360 (-20.38%) -> strength 2.0813
21:51:00 -     $    80,420 (-10.28%) -> strength 1.9156
21:51:00 -     $    84,940 ( -5.23%) -> strength 1.1924
21:51:00 -     $    80,380 (-10.32%) -> strength 1.1678
21:51:00 -     $    85,840 ( -4.23%) -> strength 1.1023
21:51:00 - 
21:51:00 -   Top 5 SHORT liquidation zones (resistance):
21:51:00 -     $    94,340 ( +5.25%) -> strength 2.8251
21:51:00 -     $    98,860 (+10.30%) -> strength 2.5476
21:51:00 -     $   107,900 (+20.38%) -> strength 1.9003
21:51:00 -     $   107,920 (+20.41%) -> strength 1.5549
21:51:00 -     $    93,420 ( +4.23%) -> strength 1.5280
21:51:00 - ================================================================================
21:52:00 - ================================================================================
21:52:00 - [BTC] MINUTE 19 UPDATE
21:52:00 - ================================================================================
21:52:00 -   src (ohlc4) = $89,617.25
21:52:00 -   buyRatio = 0.2314, sellRatio = 0.6056
21:52:00 - 
21:52:00 -   Projections by leverage:
21:52:00 -   ----------------------------------------------------------------------
21:52:00 -     Lev |   Weight |    Long Zone |   Short Zone |    L Str |    S Str
21:52:00 -   ----------------------------------------------------------------------
21:52:00 -       5x |   0.2340 | $    71,340 | $   107,880 |   0.0542 |   0.1417
21:52:00 -      10x |   0.2340 | $    80,400 | $    98,840 |   0.0542 |   0.1417
21:52:00 -      20x |   0.2106 | $    84,920 | $    94,320 |   0.0487 |   0.1276
21:52:00 -      25x |   0.1638 | $    85,820 | $    93,400 |   0.0379 |   0.0992
21:52:00 -      50x |   0.0819 | $    87,640 | $    91,600 |   0.0190 |   0.0496
21:52:00 -      75x |   0.0328 | $    88,240 | $    91,000 |   0.0076 |   0.0198
21:52:00 -     100x |   0.0187 | $    88,540 | $    90,700 |   0.0043 |   0.0113
21:52:00 -     125x |   0.0117 | $    88,720 | $    90,520 |   0.0027 |   0.0071
21:52:00 -     150x |   0.0070 | $    88,840 | $    90,380 |   0.0016 |   0.0042
21:52:00 -     200x |   0.0035 | $    89,000 | $    90,240 |   0.0008 |   0.0021
21:52:00 -     250x |   0.0019 | $    89,080 | $    90,140 |   0.0004 |   0.0011
21:52:00 - 
21:52:00 -   Top 5 LONG liquidation zones (support):
21:52:00 -     $    71,360 (-20.37%) -> strength 2.0189
21:52:00 -     $    80,420 (-10.26%) -> strength 1.8581
21:52:00 -     $    84,940 ( -5.22%) -> strength 1.1566
21:52:00 -     $    80,380 (-10.31%) -> strength 1.1327
21:52:00 -     $    80,400 (-10.29%) -> strength 1.1026
21:52:00 - 
21:52:00 -   Top 5 SHORT liquidation zones (resistance):
21:52:00 -     $    94,340 ( +5.27%) -> strength 2.7403
21:52:00 -     $    98,860 (+10.31%) -> strength 2.4711
21:52:00 -     $   107,900 (+20.40%) -> strength 1.8433
21:52:00 -     $   107,920 (+20.42%) -> strength 1.5082
21:52:00 -     $    93,420 ( +4.24%) -> strength 1.4822
21:52:00 - ================================================================================
21:53:00 - ================================================================================
21:53:00 - [BTC] MINUTE 20 UPDATE
21:53:00 - ================================================================================
21:53:00 -   src (ohlc4) = $89,630.65
21:53:00 -   buyRatio = 4.8631, sellRatio = 0.2011
21:53:00 - 
21:53:00 -   Projections by leverage:
21:53:00 -   ----------------------------------------------------------------------
21:53:00 -     Lev |   Weight |    Long Zone |   Short Zone |    L Str |    S Str
21:53:00 -   ----------------------------------------------------------------------
21:53:00 -       5x |   0.2340 | $    71,360 | $   107,900 |   1.1381 |   0.0471
21:53:00 -      10x |   0.2340 | $    80,400 | $    98,860 |   1.1381 |   0.0471
21:53:00 -      20x |   0.2106 | $    84,940 | $    94,320 |   1.0243 |   0.0424
21:53:00 -      25x |   0.1638 | $    85,840 | $    93,420 |   0.7967 |   0.0329
21:53:00 -      50x |   0.0819 | $    87,660 | $    91,620 |   0.3983 |   0.0165
21:53:00 -      75x |   0.0328 | $    88,260 | $    91,000 |   0.1593 |   0.0066
21:53:00 -     100x |   0.0187 | $    88,560 | $    90,700 |   0.0910 |   0.0038
21:53:00 -     125x |   0.0117 | $    88,740 | $    90,520 |   0.0569 |   0.0024
21:53:00 -     150x |   0.0070 | $    88,860 | $    90,400 |   0.0341 |   0.0014
21:53:00 -     200x |   0.0035 | $    89,000 | $    90,260 |   0.0171 |   0.0007
21:53:00 -     250x |   0.0019 | $    89,100 | $    90,160 |   0.0091 |   0.0004
21:53:00 - 
21:53:00 -   Top 5 LONG liquidation zones (support):
21:53:00 -     $    71,360 (-20.38%) -> strength 3.0964
21:53:00 -     $    80,400 (-10.30%) -> strength 2.2076
21:53:00 -     $    84,940 ( -5.23%) -> strength 2.1462
21:53:00 -     $    85,840 ( -4.23%) -> strength 1.8339
21:53:00 -     $    80,420 (-10.28%) -> strength 1.8024
21:53:00 - 
21:53:00 -   Top 5 SHORT liquidation zones (resistance):
21:53:00 -     $    94,340 ( +5.25%) -> strength 2.6581
21:53:00 -     $    98,860 (+10.30%) -> strength 2.4441
21:53:00 -     $   107,900 (+20.38%) -> strength 1.8350
21:53:00 -     $    93,420 ( +4.23%) -> strength 1.4707
21:53:00 -     $   107,920 (+20.41%) -> strength 1.4630
21:53:00 - ================================================================================
21:54:00 - ================================================================================
21:54:00 - [BTC] MINUTE 21 UPDATE
21:54:00 - ================================================================================
21:54:00 -   src (ohlc4) = $89,648.77
21:54:00 -   buyRatio = 1.8756, sellRatio = 2.3676
21:54:00 - 
21:54:00 -   Projections by leverage:
21:54:00 -   ----------------------------------------------------------------------
21:54:00 -     Lev |   Weight |    Long Zone |   Short Zone |    L Str |    S Str
21:54:00 -   ----------------------------------------------------------------------
21:54:00 -       5x |   0.2340 | $    71,380 | $   107,920 |   0.4390 |   0.5541
21:54:00 -      10x |   0.2340 | $    80,420 | $    98,880 |   0.4390 |   0.5541
21:54:00 -      20x |   0.2106 | $    84,960 | $    94,340 |   0.3951 |   0.4987
21:54:00 -      25x |   0.1638 | $    85,860 | $    93,440 |   0.3073 |   0.3879
21:54:00 -      50x |   0.0819 | $    87,660 | $    91,620 |   0.1536 |   0.1939
21:54:00 -      75x |   0.0328 | $    88,280 | $    91,020 |   0.0615 |   0.0776
21:54:00 -     100x |   0.0187 | $    88,580 | $    90,720 |   0.0351 |   0.0443
21:54:00 -     125x |   0.0117 | $    88,760 | $    90,540 |   0.0219 |   0.0277
21:54:00 -     150x |   0.0070 | $    88,880 | $    90,420 |   0.0132 |   0.0166
21:54:00 -     200x |   0.0035 | $    89,020 | $    90,280 |   0.0066 |   0.0083
21:54:00 -     250x |   0.0019 | $    89,120 | $    90,180 |   0.0035 |   0.0044
21:54:00 - 
21:54:00 -   Top 5 LONG liquidation zones (support):
21:54:00 -     $    71,360 (-20.40%) -> strength 3.0035
21:54:00 -     $    80,420 (-10.29%) -> strength 2.1873
21:54:00 -     $    80,400 (-10.32%) -> strength 2.1414
21:54:00 -     $    84,940 ( -5.25%) -> strength 2.0818
21:54:00 -     $    85,840 ( -4.25%) -> strength 1.7789
21:54:00 - 
21:54:00 -   Top 5 SHORT liquidation zones (resistance):
21:54:00 -     $    94,340 ( +5.23%) -> strength 3.0771
21:54:00 -     $    98,860 (+10.27%) -> strength 2.3707
21:54:00 -     $   107,920 (+20.38%) -> strength 1.9732
21:54:00 -     $   107,900 (+20.36%) -> strength 1.7800
21:54:00 -     $    93,420 ( +4.21%) -> strength 1.4266
21:54:00 - ================================================================================
21:55:00 - ================================================================================
21:55:00 - [BTC] MINUTE 22 UPDATE
21:55:00 - ================================================================================
21:55:00 -   src (ohlc4) = $89,653.55
21:55:00 -   buyRatio = 0.7467, sellRatio = 0.4593
21:55:00 - 
21:55:00 -   Projections by leverage:
21:55:00 -   ----------------------------------------------------------------------
21:55:00 -     Lev |   Weight |    Long Zone |   Short Zone |    L Str |    S Str
21:55:00 -   ----------------------------------------------------------------------
21:55:00 -       5x |   0.2340 | $    71,380 | $   107,940 |   0.1748 |   0.1075
21:55:00 -      10x |   0.2340 | $    80,420 | $    98,880 |   0.1748 |   0.1075
21:55:00 -      20x |   0.2106 | $    84,960 | $    94,360 |   0.1573 |   0.0967
21:55:00 -      25x |   0.1638 | $    85,860 | $    93,440 |   0.1223 |   0.0752
21:55:00 -      50x |   0.0819 | $    87,680 | $    91,640 |   0.0612 |   0.0376
21:55:00 -      75x |   0.0328 | $    88,280 | $    91,040 |   0.0245 |   0.0150
21:55:00 -     100x |   0.0187 | $    88,580 | $    90,720 |   0.0140 |   0.0086
21:55:00 -     125x |   0.0117 | $    88,760 | $    90,540 |   0.0087 |   0.0054
21:55:00 -     150x |   0.0070 | $    88,880 | $    90,420 |   0.0052 |   0.0032
21:55:00 -     200x |   0.0035 | $    89,040 | $    90,280 |   0.0026 |   0.0016
21:55:00 -     250x |   0.0019 | $    89,120 | $    90,180 |   0.0014 |   0.0009
21:55:00 - 
21:55:00 -   Top 5 LONG liquidation zones (support):
21:55:00 -     $    71,360 (-20.40%) -> strength 2.9134
21:55:00 -     $    80,420 (-10.30%) -> strength 2.2964
21:55:00 -     $    80,400 (-10.32%) -> strength 2.0771
21:55:00 -     $    84,940 ( -5.26%) -> strength 2.0194
21:55:00 -     $    85,840 ( -4.25%) -> strength 1.7255
21:55:00 - 
21:55:00 -   Top 5 SHORT liquidation zones (resistance):
21:55:00 -     $    94,340 ( +5.23%) -> strength 2.9847
21:55:00 -     $    98,860 (+10.27%) -> strength 2.2996
21:55:00 -     $   107,920 (+20.37%) -> strength 1.9140
21:55:00 -     $   107,900 (+20.35%) -> strength 1.7266
21:55:00 -     $    93,420 ( +4.20%) -> strength 1.3838
21:55:00 - ================================================================================
21:56:00 - ================================================================================
21:56:00 - [BTC] MINUTE 23 UPDATE
21:56:00 - ================================================================================
21:56:00 -   src (ohlc4) = $89,652.95
21:56:00 -   buyRatio = 1.1950, sellRatio = 0.9316
21:56:00 - 
21:56:00 -   Projections by leverage:
21:56:00 -   ----------------------------------------------------------------------
21:56:00 -     Lev |   Weight |    Long Zone |   Short Zone |    L Str |    S Str
21:56:00 -   ----------------------------------------------------------------------
21:56:00 -       5x |   0.2340 | $    71,380 | $   107,940 |   0.2797 |   0.2180
21:56:00 -      10x |   0.2340 | $    80,420 | $    98,880 |   0.2797 |   0.2180
21:56:00 -      20x |   0.2106 | $    84,960 | $    94,340 |   0.2517 |   0.1962
21:56:00 -      25x |   0.1638 | $    85,860 | $    93,440 |   0.1958 |   0.1526
21:56:00 -      50x |   0.0819 | $    87,680 | $    91,640 |   0.0979 |   0.0763
21:56:00 -      75x |   0.0328 | $    88,280 | $    91,020 |   0.0392 |   0.0305
21:56:00 -     100x |   0.0187 | $    88,580 | $    90,720 |   0.0224 |   0.0174
21:56:00 -     125x |   0.0117 | $    88,760 | $    90,540 |   0.0140 |   0.0109
21:56:00 -     150x |   0.0070 | $    88,880 | $    90,420 |   0.0084 |   0.0065
21:56:00 -     200x |   0.0035 | $    89,040 | $    90,280 |   0.0042 |   0.0033
21:56:00 -     250x |   0.0019 | $    89,120 | $    90,180 |   0.0022 |   0.0017
21:56:00 - 
21:56:00 -   Top 5 LONG liquidation zones (support):
21:56:00 -     $    71,360 (-20.40%) -> strength 2.8260
21:56:00 -     $    80,420 (-10.30%) -> strength 2.5072
21:56:00 -     $    80,400 (-10.32%) -> strength 2.0148
21:56:00 -     $    84,940 ( -5.26%) -> strength 1.9588
21:56:00 -     $    85,840 ( -4.25%) -> strength 1.6737
21:56:00 - 
21:56:00 -   Top 5 SHORT liquidation zones (resistance):
21:56:00 -     $    94,340 ( +5.23%) -> strength 3.0914
21:56:00 -     $    98,860 (+10.27%) -> strength 2.2306
21:56:00 -     $   107,920 (+20.38%) -> strength 1.8566
21:56:00 -     $   107,900 (+20.35%) -> strength 1.6748
21:56:00 -     $    98,880 (+10.29%) -> strength 1.5130
21:56:00 - ================================================================================
21:57:00 - ================================================================================
21:57:00 - [BTC] MINUTE 24 UPDATE
21:57:00 - ================================================================================
21:57:00 -   src (ohlc4) = $89,653.95
21:57:00 -   buyRatio = 0.6863, sellRatio = 0.2323
21:57:00 - 
21:57:00 -   Projections by leverage:
21:57:00 -   ----------------------------------------------------------------------
21:57:00 -     Lev |   Weight |    Long Zone |   Short Zone |    L Str |    S Str
21:57:00 -   ----------------------------------------------------------------------
21:57:00 -       5x |   0.2340 | $    71,380 | $   107,940 |   0.1606 |   0.0544
21:57:00 -      10x |   0.2340 | $    80,420 | $    98,880 |   0.1606 |   0.0544
21:57:00 -      20x |   0.2106 | $    84,960 | $    94,360 |   0.1446 |   0.0489
21:57:00 -      25x |   0.1638 | $    85,860 | $    93,440 |   0.1124 |   0.0381
21:57:00 -      50x |   0.0819 | $    87,680 | $    91,640 |   0.0562 |   0.0190
21:57:00 -      75x |   0.0328 | $    88,280 | $    91,040 |   0.0225 |   0.0076
21:57:00 -     100x |   0.0187 | $    88,580 | $    90,720 |   0.0128 |   0.0043
21:57:00 -     125x |   0.0117 | $    88,760 | $    90,540 |   0.0080 |   0.0027
21:57:00 -     150x |   0.0070 | $    88,880 | $    90,420 |   0.0048 |   0.0016
21:57:00 -     200x |   0.0035 | $    89,040 | $    90,280 |   0.0024 |   0.0008
21:57:00 -     250x |   0.0019 | $    89,120 | $    90,180 |   0.0013 |   0.0004
21:57:00 - 
21:57:00 -   Top 5 LONG liquidation zones (support):
21:57:00 -     $    71,360 (-20.41%) -> strength 2.7412
21:57:00 -     $    80,420 (-10.30%) -> strength 2.5926
21:57:00 -     $    80,400 (-10.32%) -> strength 1.9544
21:57:00 -     $    84,940 ( -5.26%) -> strength 1.9000
21:57:00 -     $    71,380 (-20.38%) -> strength 1.7593
21:57:00 - 
21:57:00 -   Top 5 SHORT liquidation zones (resistance):
21:57:00 -     $    94,340 ( +5.23%) -> strength 2.9987
21:57:00 -     $    98,860 (+10.27%) -> strength 2.1637
21:57:00 -     $   107,920 (+20.37%) -> strength 1.8009
21:57:00 -     $   107,900 (+20.35%) -> strength 1.6246
21:57:00 -     $    98,880 (+10.29%) -> strength 1.5219
21:57:00 - ================================================================================
21:58:00 - ================================================================================
21:58:00 - [BTC] MINUTE 25 UPDATE
21:58:00 - ================================================================================
21:58:00 -   src (ohlc4) = $89,668.90
21:58:00 -   buyRatio = 4.1376, sellRatio = 0.3305
21:58:00 - 
21:58:00 -   Projections by leverage:
21:58:00 -   ----------------------------------------------------------------------
21:58:00 -     Lev |   Weight |    Long Zone |   Short Zone |    L Str |    S Str
21:58:00 -   ----------------------------------------------------------------------
21:58:00 -       5x |   0.2340 | $    71,380 | $   107,960 |   0.9683 |   0.0774
21:58:00 -      10x |   0.2340 | $    80,440 | $    98,900 |   0.9683 |   0.0774
21:58:00 -      20x |   0.2106 | $    84,980 | $    94,360 |   0.8715 |   0.0696
21:58:00 -      25x |   0.1638 | $    85,880 | $    93,460 |   0.6778 |   0.0541
21:58:00 -      50x |   0.0819 | $    87,680 | $    91,640 |   0.3389 |   0.0271
21:58:00 -      75x |   0.0328 | $    88,300 | $    91,040 |   0.1356 |   0.0108
21:58:00 -     100x |   0.0187 | $    88,600 | $    90,740 |   0.0774 |   0.0062
21:58:00 -     125x |   0.0117 | $    88,780 | $    90,560 |   0.0484 |   0.0039
21:58:00 -     150x |   0.0070 | $    88,900 | $    90,440 |   0.0290 |   0.0023
21:58:00 -     200x |   0.0035 | $    89,040 | $    90,300 |   0.0145 |   0.0012
21:58:00 -     250x |   0.0019 | $    89,140 | $    90,200 |   0.0077 |   0.0006
21:58:00 - 
21:58:00 -   Top 5 LONG liquidation zones (support):
21:58:00 -     $    71,380 (-20.40%) -> strength 2.6748
21:58:00 -     $    71,360 (-20.42%) -> strength 2.6590
21:58:00 -     $    80,420 (-10.31%) -> strength 2.5148
21:58:00 -     $    80,400 (-10.34%) -> strength 1.8958
21:58:00 -     $    84,940 ( -5.27%) -> strength 1.8430
21:58:00 - 
21:58:00 -   Top 5 SHORT liquidation zones (resistance):
21:58:00 -     $    94,340 ( +5.21%) -> strength 2.9087
21:58:00 -     $    98,860 (+10.25%) -> strength 2.0988
21:58:00 -     $   107,920 (+20.35%) -> strength 1.7468
21:58:00 -     $   107,900 (+20.33%) -> strength 1.5758
21:58:00 -     $    98,880 (+10.27%) -> strength 1.4763
21:58:00 - ================================================================================
21:59:00 - ================================================================================
21:59:00 - [BTC] MINUTE 26 UPDATE
21:59:00 - ================================================================================
21:59:00 -   src (ohlc4) = $89,674.75
21:59:00 -   buyRatio = 1.4938, sellRatio = 0.5453
21:59:00 - 
21:59:00 -   Projections by leverage:
21:59:00 -   ----------------------------------------------------------------------
21:59:00 -     Lev |   Weight |    Long Zone |   Short Zone |    L Str |    S Str
21:59:00 -   ----------------------------------------------------------------------
21:59:00 -       5x |   0.2340 | $    71,400 | $   107,960 |   0.3496 |   0.1276
21:59:00 -      10x |   0.2340 | $    80,440 | $    98,900 |   0.3496 |   0.1276
21:59:00 -      20x |   0.2106 | $    84,980 | $    94,380 |   0.3146 |   0.1149
21:59:00 -      25x |   0.1638 | $    85,880 | $    93,460 |   0.2447 |   0.0893
21:59:00 -      50x |   0.0819 | $    87,700 | $    91,660 |   0.1224 |   0.0447
21:59:00 -      75x |   0.0328 | $    88,300 | $    91,060 |   0.0489 |   0.0179
21:59:00 -     100x |   0.0187 | $    88,600 | $    90,740 |   0.0279 |   0.0102
21:59:00 -     125x |   0.0117 | $    88,780 | $    90,560 |   0.0175 |   0.0064
21:59:00 -     150x |   0.0070 | $    88,900 | $    90,440 |   0.0105 |   0.0038
21:59:00 -     200x |   0.0035 | $    89,060 | $    90,300 |   0.0052 |   0.0019
21:59:00 -     250x |   0.0019 | $    89,140 | $    90,200 |   0.0028 |   0.0010
21:59:00 - 
21:59:00 -   Top 5 LONG liquidation zones (support):
21:59:00 -     $    71,380 (-20.40%) -> strength 2.5946
21:59:00 -     $    71,360 (-20.42%) -> strength 2.5792
21:59:00 -     $    80,420 (-10.32%) -> strength 2.4394
21:59:00 -     $    80,400 (-10.34%) -> strength 1.8389
21:59:00 -     $    84,940 ( -5.28%) -> strength 1.7877
21:59:00 - 
21:59:00 -   Top 5 SHORT liquidation zones (resistance):
21:59:00 -     $    94,340 ( +5.20%) -> strength 2.8215
21:59:00 -     $    98,860 (+10.24%) -> strength 2.0358
21:59:00 -     $   107,920 (+20.35%) -> strength 1.6944
21:59:00 -     $   107,900 (+20.32%) -> strength 1.5285
21:59:00 -     $    98,880 (+10.27%) -> strength 1.4320
21:59:00 - ================================================================================
22:00:00 - ================================================================================
22:00:00 - [BTC] MINUTE 27 UPDATE
22:00:00 - ================================================================================
22:00:00 -   src (ohlc4) = $89,666.17
22:00:00 -   buyRatio = 1.8556, sellRatio = 1.0033
22:00:00 - 
22:00:00 -   Projections by leverage:
22:00:00 -   ----------------------------------------------------------------------
22:00:00 -     Lev |   Weight |    Long Zone |   Short Zone |    L Str |    S Str
22:00:00 -   ----------------------------------------------------------------------
22:00:00 -       5x |   0.2340 | $    71,380 | $   107,940 |   0.4343 |   0.2348
22:00:00 -      10x |   0.2340 | $    80,440 | $    98,900 |   0.4343 |   0.2348
22:00:00 -      20x |   0.2106 | $    84,960 | $    94,360 |   0.3908 |   0.2113
22:00:00 -      25x |   0.1638 | $    85,880 | $    93,460 |   0.3040 |   0.1644
22:00:00 -      50x |   0.0819 | $    87,680 | $    91,640 |   0.1520 |   0.0822
22:00:00 -      75x |   0.0328 | $    88,280 | $    91,040 |   0.0608 |   0.0329
22:00:00 -     100x |   0.0187 | $    88,600 | $    90,740 |   0.0347 |   0.0188
22:00:00 -     125x |   0.0117 | $    88,780 | $    90,560 |   0.0217 |   0.0117
22:00:00 -     150x |   0.0070 | $    88,900 | $    90,440 |   0.0130 |   0.0070
22:00:00 -     200x |   0.0035 | $    89,040 | $    90,280 |   0.0065 |   0.0035
22:00:00 -     250x |   0.0019 | $    89,140 | $    90,200 |   0.0035 |   0.0019
22:00:00 - 
22:00:00 -   Top 5 LONG liquidation zones (support):
22:00:00 -     $    71,380 (-20.39%) -> strength 2.9510
22:00:00 -     $    71,360 (-20.42%) -> strength 2.5019
22:00:00 -     $    80,420 (-10.31%) -> strength 2.3662
22:00:00 -     $    84,960 ( -5.25%) -> strength 1.8359
22:00:00 -     $    80,400 (-10.33%) -> strength 1.7837
22:00:00 - 
22:00:00 -   Top 5 SHORT liquidation zones (resistance):
22:00:00 -     $    94,340 ( +5.21%) -> strength 2.7368
22:00:00 -     $    98,860 (+10.25%) -> strength 1.9748
22:00:00 -     $   107,920 (+20.36%) -> strength 1.6436
22:00:00 -     $   107,900 (+20.34%) -> strength 1.4827
22:00:00 -     $    98,880 (+10.28%) -> strength 1.3890
22:00:00 - ================================================================================
22:01:00 - ================================================================================
22:01:00 - [BTC] MINUTE 28 UPDATE
22:01:00 - ================================================================================
22:01:00 -   src (ohlc4) = $89,654.45
22:01:00 -   buyRatio = 1.0436, sellRatio = 1.8980
22:01:00 - 
22:01:00 -   Projections by leverage:
22:01:00 -   ----------------------------------------------------------------------
22:01:00 -     Lev |   Weight |    Long Zone |   Short Zone |    L Str |    S Str
22:01:00 -   ----------------------------------------------------------------------
22:01:00 -       5x |   0.2340 | $    71,380 | $   107,940 |   0.2443 |   0.4442
22:01:00 -      10x |   0.2340 | $    80,440 | $    98,880 |   0.2443 |   0.4442
22:01:00 -      20x |   0.2106 | $    84,960 | $    94,360 |   0.2198 |   0.3998
22:01:00 -      25x |   0.1638 | $    85,860 | $    93,440 |   0.1710 |   0.3109
22:01:00 -      50x |   0.0819 | $    87,680 | $    91,640 |   0.0855 |   0.1555
22:01:00 -      75x |   0.0328 | $    88,280 | $    91,040 |   0.0342 |   0.0622
22:01:00 -     100x |   0.0187 | $    88,580 | $    90,720 |   0.0195 |   0.0355
22:01:00 -     125x |   0.0117 | $    88,760 | $    90,540 |   0.0122 |   0.0222
22:01:00 -     150x |   0.0070 | $    88,880 | $    90,420 |   0.0073 |   0.0133
22:01:00 -     200x |   0.0035 | $    89,040 | $    90,280 |   0.0037 |   0.0067
22:01:00 -     250x |   0.0019 | $    89,120 | $    90,180 |   0.0020 |   0.0036
22:01:00 - 
22:01:00 -   Top 5 LONG liquidation zones (support):
22:01:00 -     $    71,380 (-20.38%) -> strength 3.1067
22:01:00 -     $    71,360 (-20.41%) -> strength 2.4268
22:01:00 -     $    80,420 (-10.30%) -> strength 2.2952
22:01:00 -     $    84,960 ( -5.24%) -> strength 2.0007
22:01:00 -     $    80,440 (-10.28%) -> strength 1.8782
22:01:00 - 
22:01:00 -   Top 5 SHORT liquidation zones (resistance):
22:01:00 -     $    94,340 ( +5.23%) -> strength 2.6547
22:01:00 -     $    98,860 (+10.27%) -> strength 1.9155
22:01:00 -     $    98,880 (+10.29%) -> strength 1.7916
22:01:00 -     $   107,920 (+20.37%) -> strength 1.5943
22:01:00 -     $    93,440 ( +4.22%) -> strength 1.5085
22:01:00 - ================================================================================
22:02:00 - ================================================================================
22:02:00 - [BTC] MINUTE 29 UPDATE
22:02:00 - ================================================================================
22:02:00 -   src (ohlc4) = $89,649.35
22:02:00 -   buyRatio = 2.0826, sellRatio = 2.1495
22:02:00 - 
22:02:00 -   Projections by leverage:
22:02:00 -   ----------------------------------------------------------------------
22:02:00 -     Lev |   Weight |    Long Zone |   Short Zone |    L Str |    S Str
22:02:00 -   ----------------------------------------------------------------------
22:02:00 -       5x |   0.2340 | $    71,380 | $   107,920 |   0.4874 |   0.5031
22:02:00 -      10x |   0.2340 | $    80,420 | $    98,880 |   0.4874 |   0.5031
22:02:00 -      20x |   0.2106 | $    84,960 | $    94,340 |   0.4387 |   0.4528
22:02:00 -      25x |   0.1638 | $    85,860 | $    93,440 |   0.3412 |   0.3521
22:02:00 -      50x |   0.0819 | $    87,660 | $    91,620 |   0.1706 |   0.1761
22:02:00 -      75x |   0.0328 | $    88,280 | $    91,020 |   0.0682 |   0.0704
22:02:00 -     100x |   0.0187 | $    88,580 | $    90,720 |   0.0390 |   0.0402
22:02:00 -     125x |   0.0117 | $    88,760 | $    90,540 |   0.0243 |   0.0251
22:02:00 -     150x |   0.0070 | $    88,880 | $    90,420 |   0.0146 |   0.0151
22:02:00 -     200x |   0.0035 | $    89,020 | $    90,280 |   0.0073 |   0.0075
22:02:00 -     250x |   0.0019 | $    89,120 | $    90,180 |   0.0039 |   0.0040
22:02:00 - 
22:02:00 -   Top 5 LONG liquidation zones (support):
22:02:00 -     $    71,380 (-20.38%) -> strength 3.5009
22:02:00 -     $    80,420 (-10.29%) -> strength 2.7138
22:02:00 -     $    84,960 ( -5.23%) -> strength 2.3793
22:02:00 -     $    71,360 (-20.40%) -> strength 2.3540
22:02:00 -     $    80,440 (-10.27%) -> strength 1.8219
22:02:00 - 
22:02:00 -   Top 5 SHORT liquidation zones (resistance):
22:02:00 -     $    94,340 ( +5.23%) -> strength 3.0278
22:02:00 -     $    98,880 (+10.30%) -> strength 2.2409
22:02:00 -     $   107,920 (+20.38%) -> strength 2.0495
22:02:00 -     $    98,860 (+10.27%) -> strength 1.8581
22:02:00 -     $    93,440 ( +4.23%) -> strength 1.8154
22:02:00 - ================================================================================
22:03:00 - ================================================================================
22:03:00 - [BTC] MINUTE 30 UPDATE
22:03:00 - ================================================================================
22:03:00 -   src (ohlc4) = $89,666.15
22:03:00 -   buyRatio = 1.0810, sellRatio = 0.6350
22:03:00 - 
22:03:00 -   Projections by leverage:
22:03:00 -   ----------------------------------------------------------------------
22:03:00 -     Lev |   Weight |    Long Zone |   Short Zone |    L Str |    S Str
22:03:00 -   ----------------------------------------------------------------------
22:03:00 -       5x |   0.2340 | $    71,380 | $   107,940 |   0.2530 |   0.1486
22:03:00 -      10x |   0.2340 | $    80,440 | $    98,900 |   0.2530 |   0.1486
22:03:00 -      20x |   0.2106 | $    84,960 | $    94,360 |   0.2277 |   0.1337
22:03:00 -      25x |   0.1638 | $    85,880 | $    93,460 |   0.1771 |   0.1040
22:03:00 -      50x |   0.0819 | $    87,680 | $    91,640 |   0.0885 |   0.0520
22:03:00 -      75x |   0.0328 | $    88,280 | $    91,040 |   0.0354 |   0.0208
22:03:00 -     100x |   0.0187 | $    88,600 | $    90,740 |   0.0202 |   0.0119
22:03:00 -     125x |   0.0117 | $    88,780 | $    90,560 |   0.0126 |   0.0074
22:03:00 -     150x |   0.0070 | $    88,900 | $    90,440 |   0.0076 |   0.0045
22:03:00 -     200x |   0.0035 | $    89,040 | $    90,280 |   0.0038 |   0.0022
22:03:00 -     250x |   0.0019 | $    89,140 | $    90,200 |   0.0020 |   0.0012
22:03:00 - 
22:03:00 -   Top 5 LONG liquidation zones (support):
22:03:00 -     $    71,380 (-20.39%) -> strength 3.6489
22:03:00 -     $    80,420 (-10.31%) -> strength 2.6324
22:03:00 -     $    84,960 ( -5.25%) -> strength 2.5356
22:03:00 -     $    71,360 (-20.42%) -> strength 2.2834
22:03:00 -     $    80,440 (-10.29%) -> strength 2.0202
22:03:00 - 
22:03:00 -   Top 5 SHORT liquidation zones (resistance):
22:03:00 -     $    94,340 ( +5.21%) -> strength 2.9370
22:03:00 -     $    98,880 (+10.28%) -> strength 2.1737
22:03:00 -     $   107,920 (+20.36%) -> strength 1.9880
22:03:00 -     $    98,860 (+10.25%) -> strength 1.8023
22:03:00 -     $    93,440 ( +4.21%) -> strength 1.7609
22:03:00 - ================================================================================
22:03:00 - [BTC] Weights updated by calibrator:
22:03:00 -       5x -> weight 0.2340
22:03:00 -      10x -> weight 0.2340
22:03:00 -      20x -> weight 0.2106
22:03:00 -      25x -> weight 0.1638
22:03:00 -      50x -> weight 0.0819
22:03:00 -      75x -> weight 0.0328
22:03:00 -     100x -> weight 0.0187
22:03:00 -     125x -> weight 0.0117
22:03:00 -     150x -> weight 0.0070
22:03:00 -     200x -> weight 0.0035
22:03:00 -     250x -> weight 0.0019
22:03:00 -   Buffer updated to: 0.0020
22:04:00 - ================================================================================
22:04:00 - [BTC] MINUTE 31 UPDATE
22:04:00 - ================================================================================
22:04:00 -   src (ohlc4) = $89,685.40
22:04:00 -   buyRatio = 2.7450, sellRatio = 1.5452
22:04:00 - 
22:04:00 -   Projections by leverage:
22:04:00 -   ----------------------------------------------------------------------
22:04:00 -     Lev |   Weight |    Long Zone |   Short Zone |    L Str |    S Str
22:04:00 -   ----------------------------------------------------------------------
22:04:00 -       5x |   0.2340 | $    71,400 | $   107,980 |   0.6425 |   0.3617
22:04:00 -      10x |   0.2340 | $    80,460 | $    98,920 |   0.6425 |   0.3617
22:04:00 -      20x |   0.2106 | $    84,980 | $    94,380 |   0.5782 |   0.3255
22:04:00 -      25x |   0.1638 | $    85,900 | $    93,480 |   0.4497 |   0.2532
22:04:00 -      50x |   0.0819 | $    87,700 | $    91,660 |   0.2249 |   0.1266
22:04:00 -      75x |   0.0328 | $    88,300 | $    91,060 |   0.0899 |   0.0506
22:04:00 -     100x |   0.0187 | $    88,620 | $    90,760 |   0.0513 |   0.0289
22:04:00 -     125x |   0.0117 | $    88,800 | $    90,580 |   0.0321 |   0.0180
22:04:00 -     150x |   0.0070 | $    88,920 | $    90,460 |   0.0192 |   0.0108
22:04:00 -     200x |   0.0035 | $    89,060 | $    90,300 |   0.0096 |   0.0054
22:04:00 -     250x |   0.0019 | $    89,160 | $    90,220 |   0.0051 |   0.0029
22:04:00 - 
22:04:00 -   Top 5 LONG liquidation zones (support):
22:04:00 -     $    71,380 (-20.41%) -> strength 3.5394
22:04:00 -     $    80,420 (-10.33%) -> strength 2.5534
22:04:00 -     $    84,960 ( -5.27%) -> strength 2.4596
22:04:00 -     $    71,360 (-20.43%) -> strength 2.2149
22:04:00 -     $    80,440 (-10.31%) -> strength 1.9596
22:04:00 - 
22:04:00 -   Top 5 SHORT liquidation zones (resistance):
22:04:00 -     $    94,340 ( +5.19%) -> strength 2.8489
22:04:00 -     $    98,880 (+10.25%) -> strength 2.1085
22:04:00 -     $   107,920 (+20.33%) -> strength 1.9284
22:04:00 -     $    98,860 (+10.23%) -> strength 1.7482
22:04:00 -     $    93,440 ( +4.19%) -> strength 1.7081
22:04:00 - ================================================================================
22:05:00 - ================================================================================
22:05:00 - [BTC] MINUTE 32 UPDATE
22:05:00 - ================================================================================
22:05:00 -   src (ohlc4) = $89,739.67
22:05:00 -   buyRatio = 8.0062, sellRatio = 1.5725
22:05:00 - 
22:05:00 -   Projections by leverage:
22:05:00 -   ----------------------------------------------------------------------
22:05:00 -     Lev |   Weight |    Long Zone |   Short Zone |    L Str |    S Str
22:05:00 -   ----------------------------------------------------------------------
22:05:00 -       5x |   0.2340 | $    71,440 | $   108,040 |   1.8738 |   0.3680
22:05:00 -      10x |   0.2340 | $    80,500 | $    98,980 |   1.8738 |   0.3680
22:05:00 -      20x |   0.2106 | $    85,040 | $    94,440 |   1.6864 |   0.3312
22:05:00 -      25x |   0.1638 | $    85,940 | $    93,540 |   1.3117 |   0.2576
22:05:00 -      50x |   0.0819 | $    87,760 | $    91,720 |   0.6558 |   0.1288
22:05:00 -      75x |   0.0328 | $    88,360 | $    91,120 |   0.2623 |   0.0515
22:05:00 -     100x |   0.0187 | $    88,660 | $    90,820 |   0.1496 |   0.0294
22:05:00 -     125x |   0.0117 | $    88,840 | $    90,640 |   0.0935 |   0.0184
22:05:00 -     150x |   0.0070 | $    88,960 | $    90,520 |   0.0561 |   0.0110
22:05:00 -     200x |   0.0035 | $    89,120 | $    90,360 |   0.0281 |   0.0055
22:05:00 -     250x |   0.0019 | $    89,200 | $    90,280 |   0.0150 |   0.0029
22:05:00 - 
22:05:00 -   Top 5 LONG liquidation zones (support):
22:05:00 -     $    71,380 (-20.46%) -> strength 3.4333
22:05:00 -     $    80,420 (-10.39%) -> strength 2.4768
22:05:00 -     $    84,960 ( -5.33%) -> strength 2.3858
22:05:00 -     $    71,360 (-20.48%) -> strength 2.1484
22:05:00 -     $    80,440 (-10.36%) -> strength 1.9008
22:05:00 - 
22:05:00 -   Top 5 SHORT liquidation zones (resistance):
22:05:00 -     $    94,340 ( +5.13%) -> strength 2.7634
22:05:00 -     $    98,880 (+10.19%) -> strength 2.0452
22:05:00 -     $   107,920 (+20.26%) -> strength 1.8706
22:05:00 -     $    98,860 (+10.16%) -> strength 1.6958
22:05:00 -     $    93,440 ( +4.12%) -> strength 1.6568
22:05:00 - ================================================================================
